{"/mnt/c/Users/lwest/Desktop/My_Folder/atlas-react-testing/mock.ts": {"path":"/mnt/c/Users/lwest/Desktop/My_Folder/atlas-react-testing/mock.ts","all":false,"statementMap":{"0":{"start":{"line":1,"column":0},"end":{"line":1,"column":39}},"1":{"start":{"line":2,"column":0},"end":{"line":2,"column":41}},"3":{"start":{"line":4,"column":0},"end":{"line":4,"column":25}},"4":{"start":{"line":5,"column":0},"end":{"line":5,"column":11}},"5":{"start":{"line":6,"column":0},"end":{"line":6,"column":90}},"6":{"start":{"line":7,"column":0},"end":{"line":7,"column":11}},"7":{"start":{"line":8,"column":0},"end":{"line":8,"column":32}},"8":{"start":{"line":9,"column":0},"end":{"line":9,"column":9}},"9":{"start":{"line":10,"column":0},"end":{"line":10,"column":16}},"10":{"start":{"line":11,"column":0},"end":{"line":11,"column":27}},"11":{"start":{"line":12,"column":0},"end":{"line":12,"column":29}},"12":{"start":{"line":13,"column":0},"end":{"line":13,"column":27}},"13":{"start":{"line":14,"column":0},"end":{"line":14,"column":27}},"14":{"start":{"line":15,"column":0},"end":{"line":15,"column":27}},"15":{"start":{"line":16,"column":0},"end":{"line":16,"column":10}},"16":{"start":{"line":17,"column":0},"end":{"line":17,"column":9}},"17":{"start":{"line":18,"column":0},"end":{"line":18,"column":16}},"18":{"start":{"line":19,"column":0},"end":{"line":19,"column":27}},"19":{"start":{"line":20,"column":0},"end":{"line":20,"column":29}},"20":{"start":{"line":21,"column":0},"end":{"line":21,"column":27}},"21":{"start":{"line":22,"column":0},"end":{"line":22,"column":27}},"22":{"start":{"line":23,"column":0},"end":{"line":23,"column":27}},"23":{"start":{"line":24,"column":0},"end":{"line":24,"column":10}},"24":{"start":{"line":25,"column":0},"end":{"line":25,"column":9}},"25":{"start":{"line":26,"column":0},"end":{"line":26,"column":16}},"26":{"start":{"line":27,"column":0},"end":{"line":27,"column":27}},"27":{"start":{"line":28,"column":0},"end":{"line":28,"column":29}},"28":{"start":{"line":29,"column":0},"end":{"line":29,"column":27}},"29":{"start":{"line":30,"column":0},"end":{"line":30,"column":27}},"30":{"start":{"line":31,"column":0},"end":{"line":31,"column":27}},"31":{"start":{"line":32,"column":0},"end":{"line":32,"column":10}},"32":{"start":{"line":33,"column":0},"end":{"line":33,"column":9}},"33":{"start":{"line":34,"column":0},"end":{"line":34,"column":16}},"34":{"start":{"line":35,"column":0},"end":{"line":35,"column":27}},"35":{"start":{"line":36,"column":0},"end":{"line":36,"column":29}},"36":{"start":{"line":37,"column":0},"end":{"line":37,"column":27}},"37":{"start":{"line":38,"column":0},"end":{"line":38,"column":27}},"38":{"start":{"line":39,"column":0},"end":{"line":39,"column":27}},"39":{"start":{"line":40,"column":0},"end":{"line":40,"column":10}},"40":{"start":{"line":41,"column":0},"end":{"line":41,"column":9}},"41":{"start":{"line":42,"column":0},"end":{"line":42,"column":16}},"42":{"start":{"line":43,"column":0},"end":{"line":43,"column":27}},"43":{"start":{"line":44,"column":0},"end":{"line":44,"column":29}},"44":{"start":{"line":45,"column":0},"end":{"line":45,"column":27}},"45":{"start":{"line":46,"column":0},"end":{"line":46,"column":27}},"46":{"start":{"line":47,"column":0},"end":{"line":47,"column":27}},"47":{"start":{"line":48,"column":0},"end":{"line":48,"column":10}},"48":{"start":{"line":49,"column":0},"end":{"line":49,"column":9}},"49":{"start":{"line":50,"column":0},"end":{"line":50,"column":16}},"50":{"start":{"line":51,"column":0},"end":{"line":51,"column":27}},"51":{"start":{"line":52,"column":0},"end":{"line":52,"column":29}},"52":{"start":{"line":53,"column":0},"end":{"line":53,"column":27}},"53":{"start":{"line":54,"column":0},"end":{"line":54,"column":27}},"54":{"start":{"line":55,"column":0},"end":{"line":55,"column":27}},"55":{"start":{"line":56,"column":0},"end":{"line":56,"column":10}},"56":{"start":{"line":57,"column":0},"end":{"line":57,"column":9}},"57":{"start":{"line":58,"column":0},"end":{"line":58,"column":16}},"58":{"start":{"line":59,"column":0},"end":{"line":59,"column":27}},"59":{"start":{"line":60,"column":0},"end":{"line":60,"column":29}},"60":{"start":{"line":61,"column":0},"end":{"line":61,"column":27}},"61":{"start":{"line":62,"column":0},"end":{"line":62,"column":27}},"62":{"start":{"line":63,"column":0},"end":{"line":63,"column":27}},"63":{"start":{"line":64,"column":0},"end":{"line":64,"column":10}},"64":{"start":{"line":65,"column":0},"end":{"line":65,"column":9}},"65":{"start":{"line":66,"column":0},"end":{"line":66,"column":16}},"66":{"start":{"line":67,"column":0},"end":{"line":67,"column":27}},"67":{"start":{"line":68,"column":0},"end":{"line":68,"column":29}},"68":{"start":{"line":69,"column":0},"end":{"line":69,"column":27}},"69":{"start":{"line":70,"column":0},"end":{"line":70,"column":27}},"70":{"start":{"line":71,"column":0},"end":{"line":71,"column":27}},"71":{"start":{"line":72,"column":0},"end":{"line":72,"column":10}},"72":{"start":{"line":73,"column":0},"end":{"line":73,"column":9}},"73":{"start":{"line":74,"column":0},"end":{"line":74,"column":16}},"74":{"start":{"line":75,"column":0},"end":{"line":75,"column":27}},"75":{"start":{"line":76,"column":0},"end":{"line":76,"column":29}},"76":{"start":{"line":77,"column":0},"end":{"line":77,"column":27}},"77":{"start":{"line":78,"column":0},"end":{"line":78,"column":27}},"78":{"start":{"line":79,"column":0},"end":{"line":79,"column":27}},"79":{"start":{"line":80,"column":0},"end":{"line":80,"column":10}},"80":{"start":{"line":81,"column":0},"end":{"line":81,"column":9}},"81":{"start":{"line":82,"column":0},"end":{"line":82,"column":17}},"82":{"start":{"line":83,"column":0},"end":{"line":83,"column":28}},"83":{"start":{"line":84,"column":0},"end":{"line":84,"column":30}},"84":{"start":{"line":85,"column":0},"end":{"line":85,"column":28}},"85":{"start":{"line":86,"column":0},"end":{"line":86,"column":27}},"86":{"start":{"line":87,"column":0},"end":{"line":87,"column":28}},"87":{"start":{"line":88,"column":0},"end":{"line":88,"column":9}},"88":{"start":{"line":89,"column":0},"end":{"line":89,"column":9}},"89":{"start":{"line":90,"column":0},"end":{"line":90,"column":5}},"90":{"start":{"line":91,"column":0},"end":{"line":91,"column":4}},"91":{"start":{"line":92,"column":0},"end":{"line":92,"column":2}},"93":{"start":{"line":94,"column":0},"end":{"line":94,"column":47}}},"s":{"0":1,"1":1,"3":1,"4":1,"5":1,"6":1,"7":5,"8":5,"9":5,"10":5,"11":5,"12":5,"13":5,"14":5,"15":5,"16":5,"17":5,"18":5,"19":5,"20":5,"21":5,"22":5,"23":5,"24":5,"25":5,"26":5,"27":5,"28":5,"29":5,"30":5,"31":5,"32":5,"33":5,"34":5,"35":5,"36":5,"37":5,"38":5,"39":5,"40":5,"41":5,"42":5,"43":5,"44":5,"45":5,"46":5,"47":5,"48":5,"49":5,"50":5,"51":5,"52":5,"53":5,"54":5,"55":5,"56":5,"57":5,"58":5,"59":5,"60":5,"61":5,"62":5,"63":5,"64":5,"65":5,"66":5,"67":5,"68":5,"69":5,"70":5,"71":5,"72":5,"73":5,"74":5,"75":5,"76":5,"77":5,"78":5,"79":5,"80":5,"81":5,"82":5,"83":5,"84":5,"85":5,"86":5,"87":5,"88":5,"89":5,"90":1,"91":1,"93":1},"branchMap":{"0":{"type":"branch","line":7,"loc":{"start":{"line":7,"column":4},"end":{"line":90,"column":5}},"locations":[{"start":{"line":7,"column":4},"end":{"line":90,"column":5}}]}},"b":{"0":[5]},"fnMap":{},"f":{}}
,"/mnt/c/Users/lwest/Desktop/My_Folder/atlas-react-testing/postcss.config.js": {"path":"/mnt/c/Users/lwest/Desktop/My_Folder/atlas-react-testing/postcss.config.js","all":true,"statementMap":{"0":{"start":{"line":1,"column":0},"end":{"line":1,"column":16}},"1":{"start":{"line":2,"column":0},"end":{"line":2,"column":12}},"2":{"start":{"line":3,"column":0},"end":{"line":3,"column":20}},"3":{"start":{"line":4,"column":0},"end":{"line":4,"column":21}},"4":{"start":{"line":5,"column":0},"end":{"line":5,"column":4}},"5":{"start":{"line":6,"column":0},"end":{"line":6,"column":1}}},"s":{"0":0,"1":0,"2":0,"3":0,"4":0,"5":0},"branchMap":{"0":{"type":"branch","line":1,"loc":{"start":{"line":1,"column":0},"end":{"line":6,"column":-13}},"locations":[{"start":{"line":1,"column":0},"end":{"line":6,"column":-13}}]}},"b":{"0":[0]},"fnMap":{"0":{"name":"(empty-report)","decl":{"start":{"line":1,"column":0},"end":{"line":6,"column":-13}},"loc":{"start":{"line":1,"column":0},"end":{"line":6,"column":-13}},"line":1}},"f":{"0":0}}
,"/mnt/c/Users/lwest/Desktop/My_Folder/atlas-react-testing/tailwind.config.js": {"path":"/mnt/c/Users/lwest/Desktop/My_Folder/atlas-react-testing/tailwind.config.js","all":true,"statementMap":{"0":{"start":{"line":1,"column":0},"end":{"line":1,"column":43}},"1":{"start":{"line":2,"column":0},"end":{"line":2,"column":16}},"2":{"start":{"line":3,"column":0},"end":{"line":3,"column":12}},"3":{"start":{"line":4,"column":0},"end":{"line":4,"column":19}},"4":{"start":{"line":5,"column":0},"end":{"line":5,"column":33}},"5":{"start":{"line":6,"column":0},"end":{"line":6,"column":4}},"6":{"start":{"line":7,"column":0},"end":{"line":7,"column":10}},"7":{"start":{"line":8,"column":0},"end":{"line":8,"column":13}},"8":{"start":{"line":9,"column":0},"end":{"line":9,"column":13}},"9":{"start":{"line":10,"column":0},"end":{"line":10,"column":29}},"10":{"start":{"line":11,"column":0},"end":{"line":11,"column":33}},"11":{"start":{"line":12,"column":0},"end":{"line":12,"column":30}},"12":{"start":{"line":13,"column":0},"end":{"line":13,"column":27}},"13":{"start":{"line":14,"column":0},"end":{"line":14,"column":29}},"14":{"start":{"line":15,"column":0},"end":{"line":15,"column":6}},"15":{"start":{"line":16,"column":0},"end":{"line":16,"column":6}},"16":{"start":{"line":17,"column":0},"end":{"line":17,"column":4}},"17":{"start":{"line":18,"column":0},"end":{"line":18,"column":14}},"18":{"start":{"line":19,"column":0},"end":{"line":19,"column":1}}},"s":{"0":0,"1":0,"2":0,"3":0,"4":0,"5":0,"6":0,"7":0,"8":0,"9":0,"10":0,"11":0,"12":0,"13":0,"14":0,"15":0,"16":0,"17":0,"18":0},"branchMap":{"0":{"type":"branch","line":1,"loc":{"start":{"line":1,"column":0},"end":{"line":19,"column":-7}},"locations":[{"start":{"line":1,"column":0},"end":{"line":19,"column":-7}}]}},"b":{"0":[0]},"fnMap":{"0":{"name":"(empty-report)","decl":{"start":{"line":1,"column":0},"end":{"line":19,"column":-7}},"loc":{"start":{"line":1,"column":0},"end":{"line":19,"column":-7}},"line":1}},"f":{"0":0}}
,"/mnt/c/Users/lwest/Desktop/My_Folder/atlas-react-testing/src/App.jsx": {"path":"/mnt/c/Users/lwest/Desktop/My_Folder/atlas-react-testing/src/App.jsx","all":true,"statementMap":{"0":{"start":{"line":1,"column":0},"end":{"line":1,"column":51}},"1":{"start":{"line":2,"column":0},"end":{"line":2,"column":41}},"3":{"start":{"line":4,"column":0},"end":{"line":4,"column":16}},"4":{"start":{"line":5,"column":0},"end":{"line":5,"column":10}},"5":{"start":{"line":6,"column":0},"end":{"line":6,"column":102}},"6":{"start":{"line":7,"column":0},"end":{"line":7,"column":21}},"7":{"start":{"line":8,"column":0},"end":{"line":8,"column":16}},"8":{"start":{"line":9,"column":0},"end":{"line":9,"column":10}},"10":{"start":{"line":11,"column":0},"end":{"line":11,"column":1}},"12":{"start":{"line":13,"column":0},"end":{"line":13,"column":19}}},"s":{"0":0,"1":0,"3":0,"4":0,"5":0,"6":0,"7":0,"8":0,"10":0,"12":0},"branchMap":{"0":{"type":"branch","line":1,"loc":{"start":{"line":1,"column":315},"end":{"line":13,"column":19}},"locations":[{"start":{"line":1,"column":315},"end":{"line":13,"column":19}}]}},"b":{"0":[0]},"fnMap":{"0":{"name":"(empty-report)","decl":{"start":{"line":1,"column":315},"end":{"line":13,"column":19}},"loc":{"start":{"line":1,"column":315},"end":{"line":13,"column":19}},"line":1}},"f":{"0":0}}
,"/mnt/c/Users/lwest/Desktop/My_Folder/atlas-react-testing/src/main.jsx": {"path":"/mnt/c/Users/lwest/Desktop/My_Folder/atlas-react-testing/src/main.jsx","all":true,"statementMap":{"0":{"start":{"line":1,"column":0},"end":{"line":1,"column":26}},"1":{"start":{"line":2,"column":0},"end":{"line":2,"column":40}},"2":{"start":{"line":3,"column":0},"end":{"line":3,"column":28}},"3":{"start":{"line":4,"column":0},"end":{"line":4,"column":21}},"5":{"start":{"line":6,"column":0},"end":{"line":6,"column":60}},"6":{"start":{"line":7,"column":0},"end":{"line":7,"column":20}},"7":{"start":{"line":8,"column":0},"end":{"line":8,"column":11}},"8":{"start":{"line":9,"column":0},"end":{"line":9,"column":21}},"9":{"start":{"line":10,"column":0},"end":{"line":10,"column":2}}},"s":{"0":0,"1":0,"2":0,"3":0,"5":0,"6":0,"7":0,"8":0,"9":0},"branchMap":{"0":{"type":"branch","line":1,"loc":{"start":{"line":1,"column":247},"end":{"line":10,"column":2}},"locations":[{"start":{"line":1,"column":247},"end":{"line":10,"column":2}}]}},"b":{"0":[0]},"fnMap":{"0":{"name":"(empty-report)","decl":{"start":{"line":1,"column":247},"end":{"line":10,"column":2}},"loc":{"start":{"line":1,"column":247},"end":{"line":10,"column":2}},"line":1}},"f":{"0":0}}
,"/mnt/c/Users/lwest/Desktop/My_Folder/atlas-react-testing/src/components/CoverArt.tsx": {"path":"/mnt/c/Users/lwest/Desktop/My_Folder/atlas-react-testing/src/components/CoverArt.tsx","all":false,"statementMap":{"0":{"start":{"line":1,"column":0},"end":{"line":1,"column":52}},"6":{"start":{"line":7,"column":0},"end":{"line":7,"column":56}},"7":{"start":{"line":8,"column":0},"end":{"line":8,"column":10}},"8":{"start":{"line":9,"column":0},"end":{"line":9,"column":93}},"9":{"start":{"line":10,"column":0},"end":{"line":10,"column":56}},"10":{"start":{"line":11,"column":0},"end":{"line":11,"column":10}},"12":{"start":{"line":13,"column":0},"end":{"line":13,"column":1}}},"s":{"0":1,"6":15,"7":15,"8":15,"9":15,"10":15,"12":15},"branchMap":{"0":{"type":"branch","line":7,"loc":{"start":{"line":7,"column":0},"end":{"line":13,"column":1}},"locations":[{"start":{"line":7,"column":0},"end":{"line":13,"column":1}}]},"1":{"type":"branch","line":10,"loc":{"start":{"line":10,"column":16},"end":{"line":10,"column":39}},"locations":[{"start":{"line":10,"column":16},"end":{"line":10,"column":39}}]}},"b":{"0":[15],"1":[6]},"fnMap":{"0":{"name":"CoverArt","decl":{"start":{"line":7,"column":0},"end":{"line":13,"column":1}},"loc":{"start":{"line":7,"column":0},"end":{"line":13,"column":1}},"line":7}},"f":{"0":15}}
,"/mnt/c/Users/lwest/Desktop/My_Folder/atlas-react-testing/src/components/CurrentlyPlaying.tsx": {"path":"/mnt/c/Users/lwest/Desktop/My_Folder/atlas-react-testing/src/components/CurrentlyPlaying.tsx","all":false,"statementMap":{"0":{"start":{"line":1,"column":0},"end":{"line":1,"column":34}},"1":{"start":{"line":2,"column":0},"end":{"line":2,"column":36}},"2":{"start":{"line":3,"column":0},"end":{"line":3,"column":42}},"3":{"start":{"line":4,"column":0},"end":{"line":4,"column":44}},"12":{"start":{"line":13,"column":0},"end":{"line":13,"column":93}},"13":{"start":{"line":14,"column":0},"end":{"line":14,"column":10}},"14":{"start":{"line":15,"column":0},"end":{"line":15,"column":104}},"15":{"start":{"line":16,"column":0},"end":{"line":16,"column":39}},"16":{"start":{"line":17,"column":0},"end":{"line":17,"column":61}},"17":{"start":{"line":18,"column":0},"end":{"line":18,"column":93}},"18":{"start":{"line":19,"column":0},"end":{"line":19,"column":23}},"19":{"start":{"line":20,"column":0},"end":{"line":20,"column":10}},"21":{"start":{"line":22,"column":0},"end":{"line":22,"column":1}}},"s":{"0":1,"1":1,"2":1,"3":1,"12":13,"13":13,"14":13,"15":13,"16":13,"17":13,"18":13,"19":13,"21":13},"branchMap":{"0":{"type":"branch","line":13,"loc":{"start":{"line":13,"column":0},"end":{"line":22,"column":1}},"locations":[{"start":{"line":13,"column":0},"end":{"line":22,"column":1}}]},"1":{"type":"branch","line":16,"loc":{"start":{"line":16,"column":24},"end":{"line":16,"column":37}},"locations":[{"start":{"line":16,"column":24},"end":{"line":16,"column":37}}]},"2":{"type":"branch","line":17,"loc":{"start":{"line":17,"column":24},"end":{"line":17,"column":37}},"locations":[{"start":{"line":17,"column":24},"end":{"line":17,"column":37}}]},"3":{"type":"branch","line":17,"loc":{"start":{"line":17,"column":45},"end":{"line":17,"column":59}},"locations":[{"start":{"line":17,"column":45},"end":{"line":17,"column":59}}]}},"b":{"0":[13],"1":[8],"2":[8],"3":[8]},"fnMap":{"0":{"name":"CurrentlyPlaying","decl":{"start":{"line":13,"column":0},"end":{"line":22,"column":1}},"loc":{"start":{"line":13,"column":0},"end":{"line":22,"column":1}},"line":13}},"f":{"0":13}}
,"/mnt/c/Users/lwest/Desktop/My_Folder/atlas-react-testing/src/components/Footer.tsx": {"path":"/mnt/c/Users/lwest/Desktop/My_Folder/atlas-react-testing/src/components/Footer.tsx","all":false,"statementMap":{"0":{"start":{"line":1,"column":0},"end":{"line":1,"column":34}},"1":{"start":{"line":2,"column":0},"end":{"line":2,"column":40}},"2":{"start":{"line":3,"column":0},"end":{"line":3,"column":91}},"3":{"start":{"line":4,"column":0},"end":{"line":4,"column":1}}},"s":{"0":1,"1":1,"2":1,"3":1},"branchMap":{"0":{"type":"branch","line":1,"loc":{"start":{"line":1,"column":0},"end":{"line":4,"column":1}},"locations":[{"start":{"line":1,"column":0},"end":{"line":4,"column":1}}]}},"b":{"0":[1]},"fnMap":{"0":{"name":"Footer","decl":{"start":{"line":1,"column":0},"end":{"line":4,"column":1}},"loc":{"start":{"line":1,"column":0},"end":{"line":4,"column":1}},"line":1}},"f":{"0":1}}
,"/mnt/c/Users/lwest/Desktop/My_Folder/atlas-react-testing/src/components/MusicPlayer.tsx": {"path":"/mnt/c/Users/lwest/Desktop/My_Folder/atlas-react-testing/src/components/MusicPlayer.tsx","all":false,"statementMap":{"0":{"start":{"line":1,"column":0},"end":{"line":1,"column":44}},"1":{"start":{"line":2,"column":0},"end":{"line":2,"column":50}},"2":{"start":{"line":3,"column":0},"end":{"line":3,"column":34}},"3":{"start":{"line":4,"column":0},"end":{"line":4,"column":55}},"14":{"start":{"line":15,"column":0},"end":{"line":15,"column":39}},"15":{"start":{"line":16,"column":0},"end":{"line":16,"column":56}},"16":{"start":{"line":17,"column":0},"end":{"line":17,"column":68}},"18":{"start":{"line":19,"column":0},"end":{"line":19,"column":19}},"19":{"start":{"line":20,"column":0},"end":{"line":20,"column":30}},"20":{"start":{"line":21,"column":0},"end":{"line":21,"column":34}},"21":{"start":{"line":22,"column":0},"end":{"line":22,"column":5}},"22":{"start":{"line":23,"column":0},"end":{"line":23,"column":17}},"23":{"start":{"line":24,"column":0},"end":{"line":24,"column":10}},"24":{"start":{"line":25,"column":0},"end":{"line":25,"column":139}},"25":{"start":{"line":26,"column":0},"end":{"line":26,"column":18}},"26":{"start":{"line":27,"column":0},"end":{"line":27,"column":102}},"28":{"start":{"line":29,"column":0},"end":{"line":29,"column":14}},"30":{"start":{"line":31,"column":0},"end":{"line":31,"column":8}},"31":{"start":{"line":32,"column":0},"end":{"line":32,"column":99}},"33":{"start":{"line":34,"column":0},"end":{"line":34,"column":102}},"34":{"start":{"line":35,"column":0},"end":{"line":35,"column":96}},"35":{"start":{"line":36,"column":0},"end":{"line":36,"column":9}},"37":{"start":{"line":38,"column":0},"end":{"line":38,"column":10}},"39":{"start":{"line":40,"column":0},"end":{"line":40,"column":1}}},"s":{"0":1,"1":1,"2":1,"3":1,"14":18,"15":18,"16":18,"18":18,"19":10,"20":5,"21":5,"22":18,"23":18,"24":18,"25":18,"26":5,"28":5,"30":13,"31":13,"33":13,"34":13,"35":13,"37":18,"39":18},"branchMap":{"0":{"type":"branch","line":15,"loc":{"start":{"line":15,"column":0},"end":{"line":40,"column":1}},"locations":[{"start":{"line":15,"column":0},"end":{"line":40,"column":1}}]},"1":{"type":"branch","line":26,"loc":{"start":{"line":26,"column":7},"end":{"line":29,"column":14}},"locations":[{"start":{"line":26,"column":7},"end":{"line":29,"column":14}}]},"2":{"type":"branch","line":29,"loc":{"start":{"line":29,"column":8},"end":{"line":36,"column":9}},"locations":[{"start":{"line":29,"column":8},"end":{"line":36,"column":9}}]},"3":{"type":"branch","line":19,"loc":{"start":{"line":19,"column":12},"end":{"line":23,"column":5}},"locations":[{"start":{"line":19,"column":12},"end":{"line":23,"column":5}}]},"4":{"type":"branch","line":20,"loc":{"start":{"line":20,"column":29},"end":{"line":22,"column":5}},"locations":[{"start":{"line":20,"column":29},"end":{"line":22,"column":5}}]}},"b":{"0":[18],"1":[5],"2":[13],"3":[10],"4":[5]},"fnMap":{"0":{"name":"MusicPlayer","decl":{"start":{"line":15,"column":0},"end":{"line":40,"column":1}},"loc":{"start":{"line":15,"column":0},"end":{"line":40,"column":1}},"line":15}},"f":{"0":18}}
,"/mnt/c/Users/lwest/Desktop/My_Folder/atlas-react-testing/src/components/PlayControls.tsx": {"path":"/mnt/c/Users/lwest/Desktop/My_Folder/atlas-react-testing/src/components/PlayControls.tsx","all":false,"statementMap":{"0":{"start":{"line":1,"column":0},"end":{"line":1,"column":33}},"1":{"start":{"line":2,"column":0},"end":{"line":2,"column":46}},"2":{"start":{"line":3,"column":0},"end":{"line":3,"column":62}},"3":{"start":{"line":4,"column":0},"end":{"line":4,"column":38}},"4":{"start":{"line":5,"column":0},"end":{"line":5,"column":40}},"5":{"start":{"line":6,"column":0},"end":{"line":6,"column":44}},"6":{"start":{"line":7,"column":0},"end":{"line":7,"column":60}},"7":{"start":{"line":8,"column":0},"end":{"line":8,"column":44}},"8":{"start":{"line":9,"column":0},"end":{"line":9,"column":56}},"17":{"start":{"line":18,"column":0},"end":{"line":18,"column":97}},"19":{"start":{"line":20,"column":0},"end":{"line":20,"column":40}},"20":{"start":{"line":21,"column":0},"end":{"line":21,"column":48}},"21":{"start":{"line":22,"column":0},"end":{"line":22,"column":52}},"23":{"start":{"line":24,"column":0},"end":{"line":24,"column":29}},"24":{"start":{"line":25,"column":0},"end":{"line":25,"column":67}},"25":{"start":{"line":26,"column":0},"end":{"line":26,"column":4}},"27":{"start":{"line":28,"column":0},"end":{"line":28,"column":29}},"28":{"start":{"line":29,"column":0},"end":{"line":29,"column":40}},"29":{"start":{"line":30,"column":0},"end":{"line":30,"column":4}},"31":{"start":{"line":32,"column":0},"end":{"line":32,"column":31}},"32":{"start":{"line":33,"column":0},"end":{"line":33,"column":32}},"33":{"start":{"line":34,"column":0},"end":{"line":34,"column":3}},"35":{"start":{"line":36,"column":0},"end":{"line":36,"column":28}},"36":{"start":{"line":37,"column":0},"end":{"line":37,"column":45}},"37":{"start":{"line":38,"column":0},"end":{"line":38,"column":79}},"38":{"start":{"line":39,"column":0},"end":{"line":39,"column":22}},"39":{"start":{"line":40,"column":0},"end":{"line":40,"column":69}},"40":{"start":{"line":41,"column":0},"end":{"line":41,"column":43}},"41":{"start":{"line":42,"column":0},"end":{"line":42,"column":33}},"42":{"start":{"line":43,"column":0},"end":{"line":43,"column":48}},"43":{"start":{"line":44,"column":0},"end":{"line":44,"column":7}},"44":{"start":{"line":45,"column":0},"end":{"line":45,"column":5}},"45":{"start":{"line":46,"column":0},"end":{"line":46,"column":4}},"47":{"start":{"line":48,"column":0},"end":{"line":48,"column":31}},"48":{"start":{"line":49,"column":0},"end":{"line":49,"column":45}},"49":{"start":{"line":50,"column":0},"end":{"line":50,"column":79}},"50":{"start":{"line":51,"column":0},"end":{"line":51,"column":22}},"51":{"start":{"line":52,"column":0},"end":{"line":52,"column":69}},"52":{"start":{"line":53,"column":0},"end":{"line":53,"column":43}},"53":{"start":{"line":54,"column":0},"end":{"line":54,"column":51}},"54":{"start":{"line":55,"column":0},"end":{"line":55,"column":48}},"55":{"start":{"line":56,"column":0},"end":{"line":56,"column":7}},"56":{"start":{"line":57,"column":0},"end":{"line":57,"column":5}},"57":{"start":{"line":58,"column":0},"end":{"line":58,"column":4}},"59":{"start":{"line":60,"column":0},"end":{"line":60,"column":99}},"60":{"start":{"line":61,"column":0},"end":{"line":61,"column":115}},"62":{"start":{"line":63,"column":0},"end":{"line":63,"column":10}},"63":{"start":{"line":64,"column":0},"end":{"line":64,"column":111}},"64":{"start":{"line":65,"column":0},"end":{"line":65,"column":115}},"65":{"start":{"line":66,"column":0},"end":{"line":66,"column":60}},"66":{"start":{"line":67,"column":0},"end":{"line":67,"column":15}},"67":{"start":{"line":68,"column":0},"end":{"line":68,"column":172}},"68":{"start":{"line":69,"column":0},"end":{"line":69,"column":129}},"69":{"start":{"line":70,"column":0},"end":{"line":70,"column":15}},"70":{"start":{"line":71,"column":0},"end":{"line":71,"column":146}},"71":{"start":{"line":72,"column":0},"end":{"line":72,"column":122}},"72":{"start":{"line":73,"column":0},"end":{"line":73,"column":15}},"73":{"start":{"line":74,"column":0},"end":{"line":74,"column":173}},"74":{"start":{"line":75,"column":0},"end":{"line":75,"column":125}},"75":{"start":{"line":76,"column":0},"end":{"line":76,"column":15}},"76":{"start":{"line":77,"column":0},"end":{"line":77,"column":105}},"77":{"start":{"line":78,"column":0},"end":{"line":78,"column":112}},"78":{"start":{"line":79,"column":0},"end":{"line":79,"column":15}},"79":{"start":{"line":80,"column":0},"end":{"line":80,"column":10}},"81":{"start":{"line":82,"column":0},"end":{"line":82,"column":1}}},"s":{"0":1,"1":1,"2":1,"3":1,"4":1,"5":1,"6":1,"7":1,"8":1,"17":15,"19":15,"20":15,"21":15,"23":15,"24":0,"25":0,"27":15,"28":0,"29":0,"31":15,"32":2,"33":2,"35":15,"36":0,"37":0,"38":0,"39":0,"40":0,"41":0,"42":0,"43":0,"44":0,"45":0,"47":15,"48":2,"49":2,"50":2,"51":0,"52":0,"53":2,"54":2,"55":2,"56":2,"57":2,"59":15,"60":15,"62":15,"63":15,"64":15,"65":15,"66":15,"67":15,"68":15,"69":15,"70":15,"71":15,"72":15,"73":15,"74":15,"75":15,"76":15,"77":15,"78":15,"79":15,"81":15},"branchMap":{"0":{"type":"branch","line":18,"loc":{"start":{"line":18,"column":0},"end":{"line":82,"column":1}},"locations":[{"start":{"line":18,"column":0},"end":{"line":82,"column":1}}]},"1":{"type":"branch","line":60,"loc":{"start":{"line":60,"column":43},"end":{"line":60,"column":93}},"locations":[{"start":{"line":60,"column":43},"end":{"line":60,"column":93}}]},"2":{"type":"branch","line":60,"loc":{"start":{"line":60,"column":88},"end":{"line":60,"column":99}},"locations":[{"start":{"line":60,"column":88},"end":{"line":60,"column":99}}]},"3":{"type":"branch","line":61,"loc":{"start":{"line":61,"column":42},"end":{"line":61,"column":109}},"locations":[{"start":{"line":61,"column":42},"end":{"line":61,"column":109}}]},"4":{"type":"branch","line":61,"loc":{"start":{"line":61,"column":104},"end":{"line":61,"column":115}},"locations":[{"start":{"line":61,"column":104},"end":{"line":61,"column":115}}]},"5":{"type":"branch","line":68,"loc":{"start":{"line":68,"column":112},"end":{"line":68,"column":132}},"locations":[{"start":{"line":68,"column":112},"end":{"line":68,"column":132}}]},"6":{"type":"branch","line":68,"loc":{"start":{"line":68,"column":124},"end":{"line":68,"column":143}},"locations":[{"start":{"line":68,"column":124},"end":{"line":68,"column":143}}]},"7":{"type":"branch","line":69,"loc":{"start":{"line":69,"column":19},"end":{"line":69,"column":44}},"locations":[{"start":{"line":69,"column":19},"end":{"line":69,"column":44}}]},"8":{"type":"branch","line":69,"loc":{"start":{"line":69,"column":32},"end":{"line":69,"column":63}},"locations":[{"start":{"line":69,"column":32},"end":{"line":69,"column":63}}]},"9":{"type":"branch","line":69,"loc":{"start":{"line":69,"column":44},"end":{"line":69,"column":73}},"locations":[{"start":{"line":69,"column":44},"end":{"line":69,"column":73}}]},"10":{"type":"branch","line":72,"loc":{"start":{"line":72,"column":18},"end":{"line":72,"column":36}},"locations":[{"start":{"line":72,"column":18},"end":{"line":72,"column":36}}]},"11":{"type":"branch","line":72,"loc":{"start":{"line":72,"column":54},"end":{"line":72,"column":86}},"locations":[{"start":{"line":72,"column":54},"end":{"line":72,"column":86}}]},"12":{"type":"branch","line":74,"loc":{"start":{"line":74,"column":115},"end":{"line":74,"column":135}},"locations":[{"start":{"line":74,"column":115},"end":{"line":74,"column":135}}]},"13":{"type":"branch","line":74,"loc":{"start":{"line":74,"column":127},"end":{"line":74,"column":145}},"locations":[{"start":{"line":74,"column":127},"end":{"line":74,"column":145}}]},"14":{"type":"branch","line":75,"loc":{"start":{"line":75,"column":19},"end":{"line":75,"column":43}},"locations":[{"start":{"line":75,"column":19},"end":{"line":75,"column":43}}]},"15":{"type":"branch","line":75,"loc":{"start":{"line":75,"column":32},"end":{"line":75,"column":61}},"locations":[{"start":{"line":75,"column":32},"end":{"line":75,"column":61}}]},"16":{"type":"branch","line":78,"loc":{"start":{"line":78,"column":18},"end":{"line":78,"column":46}},"locations":[{"start":{"line":78,"column":18},"end":{"line":78,"column":46}}]},"17":{"type":"branch","line":78,"loc":{"start":{"line":78,"column":30},"end":{"line":78,"column":55}},"locations":[{"start":{"line":78,"column":30},"end":{"line":78,"column":55}}]},"18":{"type":"branch","line":32,"loc":{"start":{"line":32,"column":24},"end":{"line":34,"column":3}},"locations":[{"start":{"line":32,"column":24},"end":{"line":34,"column":3}}]},"19":{"type":"branch","line":33,"loc":{"start":{"line":33,"column":17},"end":{"line":33,"column":30}},"locations":[{"start":{"line":33,"column":17},"end":{"line":33,"column":30}}]},"20":{"type":"branch","line":48,"loc":{"start":{"line":48,"column":24},"end":{"line":58,"column":4}},"locations":[{"start":{"line":48,"column":24},"end":{"line":58,"column":4}}]},"21":{"type":"branch","line":51,"loc":{"start":{"line":51,"column":21},"end":{"line":54,"column":17}},"locations":[{"start":{"line":51,"column":21},"end":{"line":54,"column":17}}]},"22":{"type":"branch","line":50,"loc":{"start":{"line":50,"column":43},"end":{"line":50,"column":77}},"locations":[{"start":{"line":50,"column":43},"end":{"line":50,"column":77}}]}},"b":{"0":[15],"1":[10],"2":[5],"3":[10],"4":[5],"5":[1],"6":[14],"7":[14],"8":[5],"9":[10],"10":[0],"11":[0],"12":[1],"13":[14],"14":[14],"15":[0],"16":[1],"17":[14],"18":[2],"19":[2],"20":[2],"21":[0],"22":[3]},"fnMap":{"0":{"name":"PlayControls","decl":{"start":{"line":18,"column":0},"end":{"line":82,"column":1}},"loc":{"start":{"line":18,"column":0},"end":{"line":82,"column":1}},"line":18},"1":{"name":"handleSpeed","decl":{"start":{"line":24,"column":22},"end":{"line":26,"column":4}},"loc":{"start":{"line":24,"column":22},"end":{"line":26,"column":4}},"line":24},"2":{"name":"handlePause","decl":{"start":{"line":28,"column":22},"end":{"line":30,"column":4}},"loc":{"start":{"line":28,"column":22},"end":{"line":30,"column":4}},"line":28},"3":{"name":"handleShuffle","decl":{"start":{"line":32,"column":24},"end":{"line":34,"column":3}},"loc":{"start":{"line":32,"column":24},"end":{"line":34,"column":3}},"line":32},"4":{"name":"handleBack","decl":{"start":{"line":36,"column":21},"end":{"line":46,"column":4}},"loc":{"start":{"line":36,"column":21},"end":{"line":46,"column":4}},"line":36},"5":{"name":"handleForward","decl":{"start":{"line":48,"column":24},"end":{"line":58,"column":4}},"loc":{"start":{"line":48,"column":24},"end":{"line":58,"column":4}},"line":48}},"f":{"0":15,"1":0,"2":0,"3":2,"4":0,"5":2}}
,"/mnt/c/Users/lwest/Desktop/My_Folder/atlas-react-testing/src/components/PlayListItem.tsx": {"path":"/mnt/c/Users/lwest/Desktop/My_Folder/atlas-react-testing/src/components/PlayListItem.tsx","all":false,"statementMap":{"0":{"start":{"line":1,"column":0},"end":{"line":1,"column":37}},"8":{"start":{"line":9,"column":0},"end":{"line":9,"column":85}},"9":{"start":{"line":10,"column":0},"end":{"line":10,"column":10}},"10":{"start":{"line":11,"column":0},"end":{"line":11,"column":194}},"11":{"start":{"line":12,"column":0},"end":{"line":12,"column":47}},"12":{"start":{"line":13,"column":0},"end":{"line":13,"column":76}},"13":{"start":{"line":14,"column":0},"end":{"line":14,"column":74}},"14":{"start":{"line":15,"column":0},"end":{"line":15,"column":12}},"15":{"start":{"line":16,"column":0},"end":{"line":16,"column":11}},"16":{"start":{"line":17,"column":0},"end":{"line":17,"column":76}},"17":{"start":{"line":18,"column":0},"end":{"line":18,"column":12}},"18":{"start":{"line":19,"column":0},"end":{"line":19,"column":9}},"20":{"start":{"line":21,"column":0},"end":{"line":21,"column":1}}},"s":{"0":1,"8":132,"9":132,"10":132,"11":132,"12":132,"13":132,"14":132,"15":132,"16":132,"17":132,"18":132,"20":132},"branchMap":{"0":{"type":"branch","line":9,"loc":{"start":{"line":9,"column":0},"end":{"line":21,"column":1}},"locations":[{"start":{"line":9,"column":0},"end":{"line":21,"column":1}}]},"1":{"type":"branch","line":11,"loc":{"start":{"line":11,"column":100},"end":{"line":11,"column":134}},"locations":[{"start":{"line":11,"column":100},"end":{"line":11,"column":134}}]},"2":{"type":"branch","line":11,"loc":{"start":{"line":11,"column":113},"end":{"line":11,"column":159}},"locations":[{"start":{"line":11,"column":113},"end":{"line":11,"column":159}}]}},"b":{"0":[132],"1":[9],"2":[123]},"fnMap":{"0":{"name":"PlayListItem","decl":{"start":{"line":9,"column":0},"end":{"line":21,"column":1}},"loc":{"start":{"line":9,"column":0},"end":{"line":21,"column":1}},"line":9}},"f":{"0":132}}
,"/mnt/c/Users/lwest/Desktop/My_Folder/atlas-react-testing/src/components/Playlist.tsx": {"path":"/mnt/c/Users/lwest/Desktop/My_Folder/atlas-react-testing/src/components/Playlist.tsx","all":false,"statementMap":{"0":{"start":{"line":1,"column":0},"end":{"line":1,"column":42}},"9":{"start":{"line":10,"column":0},"end":{"line":10,"column":90}},"10":{"start":{"line":11,"column":0},"end":{"line":11,"column":10}},"11":{"start":{"line":12,"column":0},"end":{"line":12,"column":104}},"12":{"start":{"line":13,"column":0},"end":{"line":13,"column":79}},"13":{"start":{"line":14,"column":0},"end":{"line":14,"column":27}},"14":{"start":{"line":15,"column":0},"end":{"line":15,"column":31}},"15":{"start":{"line":16,"column":0},"end":{"line":16,"column":128}},"16":{"start":{"line":17,"column":0},"end":{"line":17,"column":11}},"17":{"start":{"line":18,"column":0},"end":{"line":18,"column":11}},"18":{"start":{"line":19,"column":0},"end":{"line":19,"column":10}},"20":{"start":{"line":21,"column":0},"end":{"line":21,"column":1}}},"s":{"0":1,"9":13,"10":13,"11":13,"12":13,"13":13,"14":13,"15":130,"16":13,"17":13,"18":13,"20":13},"branchMap":{"0":{"type":"branch","line":10,"loc":{"start":{"line":10,"column":0},"end":{"line":21,"column":1}},"locations":[{"start":{"line":10,"column":0},"end":{"line":21,"column":1}}]},"1":{"type":"branch","line":15,"loc":{"start":{"line":15,"column":22},"end":{"line":16,"column":128}},"locations":[{"start":{"line":15,"column":22},"end":{"line":16,"column":128}}]},"2":{"type":"branch","line":16,"loc":{"start":{"line":16,"column":62},"end":{"line":16,"column":81}},"locations":[{"start":{"line":16,"column":62},"end":{"line":16,"column":81}}]},"3":{"type":"branch","line":16,"loc":{"start":{"line":16,"column":100},"end":{"line":16,"column":126}},"locations":[{"start":{"line":16,"column":100},"end":{"line":16,"column":126}}]}},"b":{"0":[13],"1":[130],"2":[80],"3":[1]},"fnMap":{"0":{"name":"Playlist","decl":{"start":{"line":10,"column":0},"end":{"line":21,"column":1}},"loc":{"start":{"line":10,"column":0},"end":{"line":21,"column":1}},"line":10},"1":{"name":"onSelect","decl":{"start":{"line":16,"column":100},"end":{"line":16,"column":126}},"loc":{"start":{"line":16,"column":100},"end":{"line":16,"column":126}},"line":16}},"f":{"0":13,"1":1}}
,"/mnt/c/Users/lwest/Desktop/My_Folder/atlas-react-testing/src/components/SongTitle.tsx": {"path":"/mnt/c/Users/lwest/Desktop/My_Folder/atlas-react-testing/src/components/SongTitle.tsx","all":false,"statementMap":{"0":{"start":{"line":1,"column":0},"end":{"line":1,"column":20}},"5":{"start":{"line":6,"column":0},"end":{"line":6,"column":65}},"6":{"start":{"line":7,"column":0},"end":{"line":7,"column":10}},"7":{"start":{"line":8,"column":0},"end":{"line":8,"column":9}},"8":{"start":{"line":9,"column":0},"end":{"line":9,"column":104}},"9":{"start":{"line":10,"column":0},"end":{"line":10,"column":72}},"10":{"start":{"line":11,"column":0},"end":{"line":11,"column":10}},"12":{"start":{"line":13,"column":0},"end":{"line":13,"column":1}}},"s":{"0":1,"5":17,"6":17,"7":17,"8":17,"9":17,"10":17,"12":17},"branchMap":{"0":{"type":"branch","line":6,"loc":{"start":{"line":6,"column":0},"end":{"line":13,"column":1}},"locations":[{"start":{"line":6,"column":0},"end":{"line":13,"column":1}}]},"1":{"type":"branch","line":9,"loc":{"start":{"line":9,"column":74},"end":{"line":9,"column":99}},"locations":[{"start":{"line":9,"column":74},"end":{"line":9,"column":99}}]},"2":{"type":"branch","line":10,"loc":{"start":{"line":10,"column":41},"end":{"line":10,"column":68}},"locations":[{"start":{"line":10,"column":41},"end":{"line":10,"column":68}}]}},"b":{"0":[17],"1":[7],"2":[7]},"fnMap":{"0":{"name":"SongTitle","decl":{"start":{"line":6,"column":0},"end":{"line":13,"column":1}},"loc":{"start":{"line":6,"column":0},"end":{"line":13,"column":1}},"line":6}},"f":{"0":17}}
,"/mnt/c/Users/lwest/Desktop/My_Folder/atlas-react-testing/src/components/VolumeControl.tsx": {"path":"/mnt/c/Users/lwest/Desktop/My_Folder/atlas-react-testing/src/components/VolumeControl.tsx","all":false,"statementMap":{"0":{"start":{"line":1,"column":0},"end":{"line":1,"column":33}},"1":{"start":{"line":2,"column":0},"end":{"line":2,"column":42}},"3":{"start":{"line":4,"column":0},"end":{"line":4,"column":42}},"4":{"start":{"line":5,"column":0},"end":{"line":5,"column":47}},"6":{"start":{"line":7,"column":0},"end":{"line":7,"column":69}},"7":{"start":{"line":8,"column":0},"end":{"line":8,"column":44}},"8":{"start":{"line":9,"column":0},"end":{"line":9,"column":4}},"10":{"start":{"line":11,"column":0},"end":{"line":11,"column":10}},"11":{"start":{"line":12,"column":0},"end":{"line":12,"column":92}},"12":{"start":{"line":13,"column":0},"end":{"line":13,"column":85}},"13":{"start":{"line":14,"column":0},"end":{"line":14,"column":126}},"14":{"start":{"line":15,"column":0},"end":{"line":15,"column":10}},"16":{"start":{"line":17,"column":0},"end":{"line":17,"column":1}}},"s":{"0":1,"1":1,"3":17,"4":17,"6":17,"7":3,"8":3,"10":17,"11":17,"12":17,"13":17,"14":17,"16":17},"branchMap":{"0":{"type":"branch","line":4,"loc":{"start":{"line":4,"column":0},"end":{"line":17,"column":1}},"locations":[{"start":{"line":4,"column":0},"end":{"line":17,"column":1}}]},"1":{"type":"branch","line":7,"loc":{"start":{"line":7,"column":20},"end":{"line":9,"column":4}},"locations":[{"start":{"line":7,"column":20},"end":{"line":9,"column":4}}]}},"b":{"0":[17],"1":[3]},"fnMap":{"0":{"name":"VolumeControl","decl":{"start":{"line":4,"column":0},"end":{"line":17,"column":1}},"loc":{"start":{"line":4,"column":0},"end":{"line":17,"column":1}},"line":4},"1":{"name":"handleVol","decl":{"start":{"line":7,"column":20},"end":{"line":9,"column":4}},"loc":{"start":{"line":7,"column":20},"end":{"line":9,"column":4}},"line":7}},"f":{"0":17,"1":3}}
,"/mnt/c/Users/lwest/Desktop/My_Folder/atlas-react-testing/src/hooks/usePlaylistData.tsx": {"path":"/mnt/c/Users/lwest/Desktop/My_Folder/atlas-react-testing/src/hooks/usePlaylistData.tsx","all":false,"statementMap":{"0":{"start":{"line":1,"column":0},"end":{"line":1,"column":44}},"3":{"start":{"line":4,"column":0},"end":{"line":4,"column":44}},"4":{"start":{"line":5,"column":0},"end":{"line":5,"column":47}},"5":{"start":{"line":6,"column":0},"end":{"line":6,"column":56}},"7":{"start":{"line":8,"column":0},"end":{"line":8,"column":19}},"8":{"start":{"line":9,"column":0},"end":{"line":9,"column":36}},"9":{"start":{"line":10,"column":0},"end":{"line":10,"column":23}},"10":{"start":{"line":11,"column":0},"end":{"line":11,"column":11}},"11":{"start":{"line":12,"column":0},"end":{"line":12,"column":119}},"12":{"start":{"line":13,"column":0},"end":{"line":13,"column":47}},"13":{"start":{"line":14,"column":0},"end":{"line":14,"column":23}},"19":{"start":{"line":20,"column":0},"end":{"line":20,"column":23}},"20":{"start":{"line":21,"column":0},"end":{"line":21,"column":57}},"21":{"start":{"line":22,"column":0},"end":{"line":22,"column":17}},"22":{"start":{"line":23,"column":0},"end":{"line":23,"column":26}},"23":{"start":{"line":24,"column":0},"end":{"line":24,"column":7}},"24":{"start":{"line":25,"column":0},"end":{"line":25,"column":5}},"25":{"start":{"line":26,"column":0},"end":{"line":26,"column":20}},"26":{"start":{"line":27,"column":0},"end":{"line":27,"column":9}},"27":{"start":{"line":28,"column":0},"end":{"line":28,"column":27}},"28":{"start":{"line":29,"column":0},"end":{"line":29,"column":1}}},"s":{"0":1,"3":18,"4":18,"5":18,"7":18,"8":5,"9":5,"10":5,"11":5,"12":5,"13":5,"19":5,"20":0,"21":5,"22":5,"23":5,"24":5,"25":5,"26":18,"27":18,"28":18},"branchMap":{"0":{"type":"branch","line":4,"loc":{"start":{"line":4,"column":0},"end":{"line":29,"column":1}},"locations":[{"start":{"line":4,"column":0},"end":{"line":29,"column":1}}]},"1":{"type":"branch","line":8,"loc":{"start":{"line":8,"column":12},"end":{"line":27,"column":5}},"locations":[{"start":{"line":8,"column":12},"end":{"line":27,"column":5}}]},"2":{"type":"branch","line":9,"loc":{"start":{"line":9,"column":4},"end":{"line":25,"column":5}},"locations":[{"start":{"line":9,"column":4},"end":{"line":25,"column":5}}]},"3":{"type":"branch","line":20,"loc":{"start":{"line":20,"column":6},"end":{"line":22,"column":8}},"locations":[{"start":{"line":20,"column":6},"end":{"line":22,"column":8}}]}},"b":{"0":[18],"1":[5],"2":[5],"3":[0]},"fnMap":{"0":{"name":"usePlayListData","decl":{"start":{"line":4,"column":0},"end":{"line":29,"column":1}},"loc":{"start":{"line":4,"column":0},"end":{"line":29,"column":1}},"line":4},"1":{"name":"fetchSongList","decl":{"start":{"line":9,"column":4},"end":{"line":25,"column":5}},"loc":{"start":{"line":9,"column":4},"end":{"line":25,"column":5}},"line":9}},"f":{"0":18,"1":5}}
}
